<?xml version="1.0" encoding="UTF-8"?>
<!-- Generated by org.testng.reporters.JUnitXMLReporter -->
<testsuite hostname="SaNj" ignored="0" name="Default test" tests="10" failures="0" timestamp="2022-06-02T11:07:43 IST" time="58.507" errors="0">
  <testcase name="page1" time="5.011" classname="com.runner.TestCase"/>
  <testcase name="page2" time="0.158" classname="com.runner.TestCase"/>
  <testcase name="page3" time="4.417" classname="com.runner.TestCase"/>
  <testcase name="page4" time="3.744" classname="com.runner.TestCase"/>
  <testcase name="page5" time="3.84" classname="com.runner.TestCase"/>
  <testcase name="page6" time="2.878" classname="com.runner.TestCase"/>
  <testcase name="page7" time="3.16" classname="com.runner.TestCase"/>
  <testcase name="page8" time="4.115" classname="com.runner.TestCase"/>
  <testcase name="page9" time="6.961" classname="com.runner.TestCase"/>
  <testcase name="page10" time="5.261" classname="com.runner.TestCase"/>
</testsuite> <!-- Default test -->
