<?xml version="1.0" encoding="UTF-8"?>
<testsuite xmlns:xsi="http://www.w3.org/2001/XMLSchema-instance" xsi:noNamespaceSchemaLocation="https://maven.apache.org/surefire/maven-surefire-plugin/xsd/surefire-test-report-3.0.xsd" version="3.0" name="TestSuite" time="129.459" tests="10" errors="0" skipped="0" failures="1">
  <properties>
[...]
</properties>
  <testcase name="page1" classname="com.runner.TestCase" time="18.092"/>
  <testcase name="page2" classname="com.runner.TestCase" time="0.342"/>
  <testcase name="page3" classname="com.runner.TestCase" time="15.926"/>
  <testcase name="page4" classname="com.runner.TestCase" time="5.043"/>
  <testcase name="page5" classname="com.runner.TestCase" time="5.527"/>
  <testcase name="page6" classname="com.runner.TestCase" time="6.212"/>
  <testcase name="page7" classname="com.runner.TestCase" time="8.959"/>
  <testcase name="page8" classname="com.runner.TestCase" time="1.899">
    <failure message="element click intercepted: Element &lt;span class=&quot;search-icon icofont-search&quot;&gt;&lt;/span&gt; is not clickable at point (948, 80). Other element would receive the click: &lt;span class=&quot;topnav_itemname&quot;&gt;...&lt;/span&gt;&#10;  (Session info: chrome=101.0.4951.67)&#10;Build info: version: &apos;4.1.1&apos;, revision: &apos;e8fcc2cecf&apos;&#10;System info: host: &apos;SANJ&apos;, ip: &apos;192.168.205.162&apos;, os.name: &apos;Windows 10&apos;, os.arch: &apos;amd64&apos;, os.version: &apos;10.0&apos;, java.version: &apos;1.8.0_202&apos;&#10;Driver info: org.openqa.selenium.chrome.ChromeDriver&#10;Command: [ce9468bf3cdd557350710bf97746edb6, clickElement {id=71b3eac6-473c-418d-b03d-f52a3678a897}]&#10;Capabilities {acceptInsecureCerts: false, browserName: chrome, browserVersion: 101.0.4951.67, chrome: {chromedriverVersion: 100.0.4896.60 (6a5d10861ce8..., userDataDir: C:\Users\DELL\AppData\Local...}, goog:chromeOptions: {debuggerAddress: localhost:58615}, javascriptEnabled: true, networkConnectionEnabled: false, pageLoadStrategy: normal, platform: WINDOWS, platformName: WINDOWS, proxy: Proxy(), se:cdp: ws://localhost:58615/devtoo..., se:cdpVersion: 101.0.4951.67, setWindowRect: true, strictFileInteractability: false, timeouts: {implicit: 0, pageLoad: 300000, script: 30000}, unhandledPromptBehavior: dismiss and notify, webauthn:extension:credBlob: true, webauthn:extension:largeBlob: true, webauthn:virtualAuthenticators: true}&#10;Element: [[ChromeDriver: chrome on WINDOWS (ce9468bf3cdd557350710bf97746edb6)] -&gt; xpath: //span[@class=&apos;search-icon icofont-search&apos;]]&#10;Session ID: ce9468bf3cdd557350710bf97746edb6" type="org.openqa.selenium.ElementClickInterceptedException"><![CDATA[org.openqa.selenium.ElementClickInterceptedException: 
element click intercepted: Element <span class="search-icon icofont-search"></span> is not clickable at point (948, 80). Other element would receive the click: <span class="topnav_itemname">...</span>
  (Session info: chrome=101.0.4951.67)
Build info: version: '4.1.1', revision: 'e8fcc2cecf'
System info: host: 'SANJ', ip: '192.168.205.162', os.name: 'Windows 10', os.arch: 'amd64', os.version: '10.0', java.version: '1.8.0_202'
Driver info: org.openqa.selenium.chrome.ChromeDriver
Command: [ce9468bf3cdd557350710bf97746edb6, clickElement {id=71b3eac6-473c-418d-b03d-f52a3678a897}]
Capabilities {acceptInsecureCerts: false, browserName: chrome, browserVersion: 101.0.4951.67, chrome: {chromedriverVersion: 100.0.4896.60 (6a5d10861ce8..., userDataDir: C:\Users\DELL\AppData\Local...}, goog:chromeOptions: {debuggerAddress: localhost:58615}, javascriptEnabled: true, networkConnectionEnabled: false, pageLoadStrategy: normal, platform: WINDOWS, platformName: WINDOWS, proxy: Proxy(), se:cdp: ws://localhost:58615/devtoo..., se:cdpVersion: 101.0.4951.67, setWindowRect: true, strictFileInteractability: false, timeouts: {implicit: 0, pageLoad: 300000, script: 30000}, unhandledPromptBehavior: dismiss and notify, webauthn:extension:credBlob: true, webauthn:extension:largeBlob: true, webauthn:virtualAuthenticators: true}
Element: [[ChromeDriver: chrome on WINDOWS (ce9468bf3cdd557350710bf97746edb6)] -> xpath: //span[@class='search-icon icofont-search']]
Session ID: ce9468bf3cdd557350710bf97746edb6
	at com.runner.TestCase.page8(TestCase.java:101)
]]></failure>
    <system-out><![CDATA[Test is going to end
screenshot captured successfuuly..
screenshot captured successfuuly..
completed successfully...Report generated
]]></system-out>
  </testcase>
  <testcase name="page9" classname="com.runner.TestCase" time="5.869"/>
  <testcase name="page10" classname="com.runner.TestCase" time="6.864"/>
</testsuite>